# JRE version: OpenJDK Runtime Environment (11.0.5+10) (build 11.0.5+10-post-Ubuntu-0ubuntu1.118.04)
# Java VM: OpenJDK 64-Bit Server VM (11.0.5+10-post-Ubuntu-0ubuntu1.118.04, mixed mode, sharing, tiered, compressed oops, g1 gc, linux-amd64)
Heap:
 garbage-first heap   total 129024K, used 29711K [0x00000000e0c00000, 0x0000000100000000)
  region size 1024K, 4 young (4096K), 4 survivors (4096K)
 Metaspace       used 48401K, capacity 49230K, committed 49664K, reserved 1089536K
  class space    used 8352K, capacity 8645K, committed 8704K, reserved 1048576K
GC Heap History (20 events):
Event: 2.946 GC heap after
{Heap after GC invocations=13 (full 0):
 garbage-first heap   total 65536K, used 20495K [0x00000000e0c00000, 0x0000000100000000)
  region size 1024K, 3 young (3072K), 3 survivors (3072K)
 Metaspace       used 31652K, capacity 32061K, committed 32896K, reserved 1077248K
  class space    used 5458K, capacity 5635K, committed 5760K, reserved 1048576K
}
Event: 3.169 GC heap before
{Heap before GC invocations=13 (full 0):
 garbage-first heap   total 65536K, used 47119K [0x00000000e0c00000, 0x0000000100000000)
  region size 1024K, 29 young (29696K), 3 survivors (3072K)
 Metaspace       used 34041K, capacity 34429K, committed 35456K, reserved 1079296K
  class space    used 5992K, capacity 6147K, committed 6272K, reserved 1048576K
}
Event: 3.174 GC heap after
{Heap after GC invocations=14 (full 0):
 garbage-first heap   total 78848K, used 21632K [0x00000000e0c00000, 0x0000000100000000)
  region size 1024K, 3 young (3072K), 3 survivors (3072K)
 Metaspace       used 34041K, capacity 34429K, committed 35456K, reserved 1079296K
  class space    used 5992K, capacity 6147K, committed 6272K, reserved 1048576K
}
Event: 3.296 GC heap before
{Heap before GC invocations=14 (full 0):
 garbage-first heap   total 78848K, used 26752K [0x00000000e0c00000, 0x0000000100000000)
  region size 1024K, 9 young (9216K), 3 survivors (3072K)
 Metaspace       used 34668K, capacity 35026K, committed 35840K, reserved 1079296K
  class space    used 6112K, capacity 6280K, committed 6400K, reserved 1048576K
}
Event: 3.303 GC heap after
{Heap after GC invocations=15 (full 0):
 garbage-first heap   total 78848K, used 21883K [0x00000000e0c00000, 0x0000000100000000)
  region size 1024K, 3 young (3072K), 3 survivors (3072K)
 Metaspace       used 34668K, capacity 35026K, committed 35840K, reserved 1079296K
  class space    used 6112K, capacity 6280K, committed 6400K, reserved 1048576K
}
Event: 3.912 GC heap before
{Heap before GC invocations=16 (full 0):
 garbage-first heap   total 78848K, used 52603K [0x00000000e0c00000, 0x0000000100000000)
  region size 1024K, 33 young (33792K), 3 survivors (3072K)
 Metaspace       used 38403K, capacity 38890K, committed 39680K, reserved 1081344K
  class space    used 6907K, capacity 7113K, committed 7168K, reserved 1048576K
}
Event: 3.923 GC heap after
{Heap after GC invocations=17 (full 0):
 garbage-first heap   total 78848K, used 23563K [0x00000000e0c00000, 0x0000000100000000)
  region size 1024K, 4 young (4096K), 4 survivors (4096K)
 Metaspace       used 38403K, capacity 38890K, committed 39680K, reserved 1081344K
  class space    used 6907K, capacity 7113K, committed 7168K, reserved 1048576K
}
Event: 4.736 GC heap before
{Heap before GC invocations=17 (full 0):
 garbage-first heap   total 78848K, used 54283K [0x00000000e0c00000, 0x0000000100000000)
  region size 1024K, 34 young (34816K), 4 survivors (4096K)
 Metaspace       used 42613K, capacity 43155K, committed 44032K, reserved 1085440K
  class space    used 7475K, capacity 7679K, committed 7680K, reserved 1048576K
}
Event: 4.762 GC heap after
{Heap after GC invocations=18 (full 0):
 garbage-first heap   total 78848K, used 24602K [0x00000000e0c00000, 0x0000000100000000)
  region size 1024K, 3 young (3072K), 3 survivors (3072K)
 Metaspace       used 42613K, capacity 43155K, committed 44032K, reserved 1085440K
  class space    used 7475K, capacity 7679K, committed 7680K, reserved 1048576K
}
Event: 5.478 GC heap before
{Heap before GC invocations=18 (full 0):
 garbage-first heap   total 78848K, used 56346K [0x00000000e0c00000, 0x0000000100000000)
  region size 1024K, 34 young (34816K), 3 survivors (3072K)
 Metaspace       used 45015K, capacity 45663K, committed 46208K, reserved 1087488K
  class space    used 7756K, capacity 7991K, committed 8064K, reserved 1048576K
}
Event: 5.508 GC heap after
{Heap after GC invocations=19 (full 0):
 garbage-first heap   total 102400K, used 26959K [0x00000000e0c00000, 0x0000000100000000)
  region size 1024K, 4 young (4096K), 4 survivors (4096K)
 Metaspace       used 45015K, capacity 45663K, committed 46208K, reserved 1087488K
  class space    used 7756K, capacity 7991K, committed 8064K, reserved 1048576K
}
Event: 14.827 GC heap before
{Heap before GC invocations=19 (full 0):
 garbage-first heap   total 102400K, used 81231K [0x00000000e0c00000, 0x0000000100000000)
  region size 1024K, 55 young (56320K), 4 survivors (4096K)
 Metaspace       used 46013K, capacity 46719K, committed 47104K, reserved 1087488K
  class space    used 7924K, capacity 8162K, committed 8192K, reserved 1048576K
}
Event: 14.872 GC heap after
{Heap after GC invocations=20 (full 0):
 garbage-first heap   total 102400K, used 29597K [0x00000000e0c00000, 0x0000000100000000)
  region size 1024K, 4 young (4096K), 4 survivors (4096K)
 Metaspace       used 46013K, capacity 46719K, committed 47104K, reserved 1087488K
  class space    used 7924K, capacity 8162K, committed 8192K, reserved 1048576K
}
Event: 24.006 GC heap before
{Heap before GC invocations=20 (full 0):
 garbage-first heap   total 102400K, used 80797K [0x00000000e0c00000, 0x0000000100000000)
  region size 1024K, 55 young (56320K), 4 survivors (4096K)
 Metaspace       used 46669K, capacity 47399K, committed 48000K, reserved 1089536K
  class space    used 8014K, capacity 8298K, committed 8320K, reserved 1048576K
}
Event: 24.087 GC heap after
{Heap after GC invocations=21 (full 0):
 garbage-first heap   total 102400K, used 28866K [0x00000000e0c00000, 0x0000000100000000)
  region size 1024K, 6 young (6144K), 6 survivors (6144K)
 Metaspace       used 46669K, capacity 47399K, committed 48000K, reserved 1089536K
  class space    used 8014K, capacity 8298K, committed 8320K, reserved 1048576K
}
Event: 36.260 GC heap before
{Heap before GC invocations=21 (full 0):
 garbage-first heap   total 102400K, used 81090K [0x00000000e0c00000, 0x0000000100000000)
  region size 1024K, 58 young (59392K), 6 survivors (6144K)
 Metaspace       used 47585K, capacity 48331K, committed 48768K, reserved 1089536K
  class space    used 8226K, capacity 8499K, committed 8576K, reserved 1048576K
}
Event: 36.535 GC heap after
{Heap after GC invocations=22 (full 0):
 garbage-first heap   total 102400K, used 28517K [0x00000000e0c00000, 0x0000000100000000)
  region size 1024K, 4 young (4096K), 4 survivors (4096K)
 Metaspace       used 47585K, capacity 48331K, committed 48768K, reserved 1089536K
  class space    used 8226K, capacity 8499K, committed 8576K, reserved 1048576K
}
Event: 54.951 GC heap before
{Heap before GC invocations=22 (full 0):
 garbage-first heap   total 102400K, used 80741K [0x00000000e0c00000, 0x0000000100000000)
  region size 1024K, 56 young (57344K), 4 survivors (4096K)
 Metaspace       used 48336K, capacity 49170K, committed 49664K, reserved 1089536K
  class space    used 8335K, capacity 8628K, committed 8704K, reserved 1048576K
}
Event: 55.237 GC heap after
{Heap after GC invocations=23 (full 0):
 garbage-first heap   total 102400K, used 28485K [0x00000000e0c00000, 0x0000000100000000)
  region size 1024K, 4 young (4096K), 4 survivors (4096K)
 Metaspace       used 48336K, capacity 49170K, committed 49664K, reserved 1089536K
  class space    used 8335K, capacity 8628K, committed 8704K, reserved 1048576K
}
Event: 88.342 GC heap before
{Heap before GC invocations=23 (full 0):
 garbage-first heap   total 102400K, used 80709K [0x00000000e0c00000, 0x0000000100000000)
  region size 1024K, 56 young (57344K), 4 survivors (4096K)
 Metaspace       used 48401K, capacity 49230K, committed 49664K, reserved 1089536K
  class space    used 8352K, capacity 8645K, committed 8704K, reserved 1048576K
}

